2024-08-23 18:20:51,160 - training.logger - INFO - Trial 3 finished with value: inf and parameters: {'learning_rate': 0.00034885205571560766, 'attention_dropout': 0.01037597467970075, 'hidden_dropout': 0.3168241174631377, 'feat_proj_dropout': 0.3744019412693059, 'mask_time_prob': 0.049850701230259045, 'layerdrop': 0.11239832276542383, 'warmup_steps': 278}
2024-08-23 18:22:03,085 - training.logger - INFO - Trial 4 finished with value: inf and parameters: {'learning_rate': 0.00033194140233275466, 'attention_dropout': 0.08455541828126772, 'hidden_dropout': 0.044169907087005134, 'feat_proj_dropout': 0.3426799091838986, 'mask_time_prob': 0.09533933461949366, 'layerdrop': 0.0019741331639572257, 'warmup_steps': 561}
2024-08-23 18:23:07,233 - training.logger - INFO - Trial 5 finished with value: inf and parameters: {'learning_rate': 0.0004219314744806924, 'attention_dropout': 0.3062630334146941, 'hidden_dropout': 0.3608776587158998, 'feat_proj_dropout': 0.14593803408531658, 'mask_time_prob': 0.09177741225129435, 'layerdrop': 0.3572878916988453, 'warmup_steps': 588}
2024-08-23 18:24:10,784 - training.logger - INFO - Trial 6 finished with value: inf and parameters: {'learning_rate': 1.9245982882901915e-05, 'attention_dropout': 0.1866703800257346, 'hidden_dropout': 0.33706680753317264, 'feat_proj_dropout': 0.22091658721149804, 'mask_time_prob': 0.04340139933332937, 'layerdrop': 0.3088834892346586, 'warmup_steps': 562}
2024-08-23 18:25:17,440 - training.logger - INFO - Trial 7 finished with value: inf and parameters: {'learning_rate': 0.0001998915169775537, 'attention_dropout': 0.3005194767022722, 'hidden_dropout': 0.40261159841637323, 'feat_proj_dropout': 0.26082357619681706, 'mask_time_prob': 0.09086488808086683, 'layerdrop': 0.15961804449427264, 'warmup_steps': 181}
2024-08-23 18:26:24,581 - training.logger - INFO - Trial 8 finished with value: inf and parameters: {'learning_rate': 3.993926913473608e-05, 'attention_dropout': 0.05699218093177488, 'hidden_dropout': 0.41434066315383833, 'feat_proj_dropout': 0.02344815969462488, 'mask_time_prob': 0.06262871483113926, 'layerdrop': 0.27379307795962177, 'warmup_steps': 838}
2024-08-23 18:27:24,265 - training.logger - INFO - Trial 9 finished with value: inf and parameters: {'learning_rate': 2.4997413794538268e-05, 'attention_dropout': 0.4284251512288666, 'hidden_dropout': 0.17582631971604396, 'feat_proj_dropout': 0.3773238457649286, 'mask_time_prob': 0.02959617068796787, 'layerdrop': 0.44196823978059313, 'warmup_steps': 393}
2024-08-23 18:28:29,925 - training.logger - INFO - Trial 10 finished with value: inf and parameters: {'learning_rate': 2.1381186190759734e-05, 'attention_dropout': 0.19626462197329364, 'hidden_dropout': 0.04673018727932515, 'feat_proj_dropout': 0.41055282891846423, 'mask_time_prob': 0.015115201964256387, 'layerdrop': 0.1920572243460998, 'warmup_steps': 950}
2024-08-23 18:29:50,582 - training.logger - INFO - Trial 11 finished with value: inf and parameters: {'learning_rate': 7.73177164689214e-05, 'attention_dropout': 0.48854612620025856, 'hidden_dropout': 0.48805155381932214, 'feat_proj_dropout': 0.007927660213527532, 'mask_time_prob': 0.0026402298461482773, 'layerdrop': 0.4805534884228175, 'warmup_steps': 742}
2024-08-23 18:30:59,221 - training.logger - INFO - Trial 12 finished with value: inf and parameters: {'learning_rate': 0.00012845421397635406, 'attention_dropout': 0.12905294093063938, 'hidden_dropout': 0.1949996282855623, 'feat_proj_dropout': 0.4651041008061252, 'mask_time_prob': 0.06740153169386415, 'layerdrop': 0.016028571412051995, 'warmup_steps': 115}
2024-08-23 18:32:07,619 - training.logger - INFO - Trial 13 finished with value: inf and parameters: {'learning_rate': 0.0009930778763590456, 'attention_dropout': 0.35362102853688837, 'hidden_dropout': 0.2477706771937483, 'feat_proj_dropout': 0.48273818249900835, 'mask_time_prob': 0.07204939447482545, 'layerdrop': 0.09853036286128825, 'warmup_steps': 358}
2024-08-23 18:33:13,093 - training.logger - INFO - Trial 14 finished with value: inf and parameters: {'learning_rate': 0.0007638430240168375, 'attention_dropout': 0.17561040663776634, 'hidden_dropout': 0.1260848246249049, 'feat_proj_dropout': 0.2814875889128868, 'mask_time_prob': 0.03635796022039662, 'layerdrop': 0.20703543955601855, 'warmup_steps': 428}
2024-08-23 18:34:24,617 - training.logger - INFO - Trial 15 finished with value: inf and parameters: {'learning_rate': 1.080059506057147e-05, 'attention_dropout': 0.01908752889679496, 'hidden_dropout': 0.4836763621870308, 'feat_proj_dropout': 0.15653991232235687, 'mask_time_prob': 0.02389688984862462, 'layerdrop': 0.07418637364305819, 'warmup_steps': 233}
2024-08-23 18:35:26,110 - training.logger - INFO - Trial 16 finished with value: inf and parameters: {'learning_rate': 7.281788159666785e-05, 'attention_dropout': 0.24939612341661613, 'hidden_dropout': 0.27108340134725195, 'feat_proj_dropout': 0.32126346889706303, 'mask_time_prob': 0.07763789544997941, 'layerdrop': 0.38944675168422405, 'warmup_steps': 693}
2024-08-23 18:36:30,603 - training.logger - INFO - Trial 17 finished with value: inf and parameters: {'learning_rate': 0.0001553278061784598, 'attention_dropout': 0.08895385792427211, 'hidden_dropout': 0.11728180704709718, 'feat_proj_dropout': 0.18667853257997707, 'mask_time_prob': 0.05389697706937788, 'layerdrop': 0.23707038527240948, 'warmup_steps': 475}
2024-08-23 18:37:38,438 - training.logger - INFO - Trial 18 finished with value: inf and parameters: {'learning_rate': 0.0005849894417936766, 'attention_dropout': 0.3803642202829332, 'hidden_dropout': 0.2668522863397201, 'feat_proj_dropout': 0.11339888595701553, 'mask_time_prob': 0.005067008254855031, 'layerdrop': 0.15140526807167154, 'warmup_steps': 311}
2024-08-23 18:38:48,030 - training.logger - INFO - Trial 19 finished with value: inf and parameters: {'learning_rate': 0.0002191168326294012, 'attention_dropout': 0.13736216009070787, 'hidden_dropout': 0.0025574337871819286, 'feat_proj_dropout': 0.44471955603041763, 'mask_time_prob': 0.05763645023602839, 'layerdrop': 0.05031951653175448, 'warmup_steps': 102}
2024-08-23 18:39:49,489 - training.logger - INFO - Trial 20 finished with value: inf and parameters: {'learning_rate': 4.964763800548804e-05, 'attention_dropout': 0.24367028455979006, 'hidden_dropout': 0.4139576333133464, 'feat_proj_dropout': 0.07849762420909795, 'mask_time_prob': 0.07756390269248006, 'layerdrop': 0.3230506032198189, 'warmup_steps': 980}
2024-08-23 18:40:56,046 - training.logger - INFO - Trial 21 finished with value: inf and parameters: {'learning_rate': 0.0005791572637228387, 'attention_dropout': 0.48681733863366516, 'hidden_dropout': 0.2179228301577256, 'feat_proj_dropout': 0.3035891010174194, 'mask_time_prob': 0.0405373691428993, 'layerdrop': 0.12160678296106513, 'warmup_steps': 664}
2024-08-23 18:42:06,439 - training.logger - INFO - Trial 22 finished with value: inf and parameters: {'learning_rate': 0.00031817597560436614, 'attention_dropout': 0.014386136822191656, 'hidden_dropout': 0.29880654589410593, 'feat_proj_dropout': 0.3829210977903889, 'mask_time_prob': 0.04952870057165761, 'layerdrop': 0.12142079622852174, 'warmup_steps': 287}
